<?xml version="1.0" encoding="UTF-8"?>
<!-- Generated by org.testng.reporters.JUnitReportReporter -->
<testsuite hostname="LAPTOP-TKGHDD60" failures="0" tests="2" name="Testcases.GuruLogin_TC1" time="7.552" errors="0" timestamp="2022-05-08T13:17:52 IST" skipped="1">
  <testcase classname="Testcases.GuruLogin_TC1" name="Login_TC01" time="7.552"/>
  <system-out/>
  <testcase classname="Testcases.GuruLogin_TC1" name="CreateNewCustomer">
    <skipped/>
  </testcase> <!-- CreateNewCustomer -->
  <system-out/>
</testsuite> <!-- Testcases.GuruLogin_TC1 -->
