<?xml version="1.0" encoding="UTF-8"?>
<!-- Generated by org.testng.reporters.JUnitReportReporter -->
<testsuite hostname="LAPTOP-TKGHDD60" failures="0" tests="4" name="Testcases.GuruLogin_TC1" time="25.290" errors="0" timestamp="2022-05-10T20:43:27 IST" skipped="2">
  <testcase classname="Testcases.GuruLogin_TC1" name="Login_TC01" time="7.594"/>
  <system-out/>
  <testcase classname="Testcases.GuruLogin_TC1" name="CreateNewAccount" time="17.696"/>
  <system-out/>
  <testcase classname="Testcases.GuruLogin_TC1" name="EditCustomer">
    <skipped/>
  </testcase> <!-- EditCustomer -->
  <system-out/>
  <testcase classname="Testcases.GuruLogin_TC1" name="CreateNewCustomer">
    <skipped/>
  </testcase> <!-- CreateNewCustomer -->
  <system-out/>
</testsuite> <!-- Testcases.GuruLogin_TC1 -->
